<?xml version="1.0" encoding="UTF-8"?>
<testsuite name="PaireTests" tests="1" skipped="0" failures="0" errors="0" timestamp="2021-10-11T14:13:16" hostname="LP5-RJI8-DSY" time="0.058">
  <properties/>
  <testcase name="paireDefaultTest()" classname="PaireTests" time="0.058"/>
  <system-out><![CDATA[(1, 2) :: Paire[class java.lang.Integer,class java.lang.Integer]
]]></system-out>
  <system-err><![CDATA[]]></system-err>
</testsuite>
